2019-09-11 19:10:39,933  INFO [main] LogReports:24 - Chrome browser  started
2019-09-11 19:10:53,524  INFO [main] LogReports:24 - Chrome browser  started
2019-09-11 19:11:07,573  INFO [main] LogReports:24 - Chrome browser  started
2019-09-11 19:13:14,627  INFO [main] LogReports:24 - Chrome browser  started
2019-09-11 19:13:28,115  INFO [main] LogReports:24 - Chrome browser  started
2019-09-11 19:13:41,863  INFO [main] LogReports:24 - Chrome browser  started
2019-09-11 19:13:55,286  INFO [main] LogReports:24 - Chrome browser  started
2019-09-11 19:14:09,631  INFO [main] LogReports:24 - Chrome browser  started
2019-09-11 19:22:17,899  INFO [main] LogReports:24 - Chrome browser  started
2019-09-11 19:26:31,456  INFO [main] LogReports:24 - Chrome browser  started
2019-09-11 19:31:53,207  INFO [main] LogReports:24 - Chrome browser  started
2019-09-11 19:32:06,658  INFO [main] LogReports:24 - Chrome browser  started
2019-09-11 19:32:19,587  INFO [main] LogReports:24 - Chrome browser  started
2019-09-11 19:32:32,412  INFO [main] LogReports:24 - Chrome browser  started
2019-09-11 19:32:47,006  INFO [main] LogReports:24 - Chrome browser  started
2019-09-11 19:36:22,684  INFO [main] LogReports:24 - Chrome browser  started
2019-09-11 19:36:36,728  INFO [main] LogReports:24 - Chrome browser  started
2019-09-11 19:36:53,188  INFO [main] LogReports:24 - Chrome browser  started
2019-09-11 19:37:07,282  INFO [main] LogReports:24 - Chrome browser  started
2019-09-11 19:37:23,190  INFO [main] LogReports:24 - Chrome browser  started
2019-09-11 19:42:01,203  INFO [main] LogReports:24 - Chrome browser  started
2019-09-11 19:42:14,341  INFO [main] LogReports:24 - Chrome browser  started
2019-09-11 19:42:28,336  INFO [main] LogReports:24 - Chrome browser  started
2019-09-11 19:42:41,152  INFO [main] LogReports:24 - Chrome browser  started
2019-09-11 19:42:54,115  INFO [main] LogReports:24 - Chrome browser  started
2019-09-11 19:45:49,643  INFO [main] LogReports:24 - Chrome browser  started
2019-09-11 19:46:02,417  INFO [main] LogReports:24 - Chrome browser  started
2019-09-11 19:46:15,754  INFO [main] LogReports:24 - Chrome browser  started
2019-09-11 19:46:29,539  INFO [main] LogReports:24 - Chrome browser  started
2019-09-11 19:46:42,885  INFO [main] LogReports:24 - Chrome browser  started
2019-09-11 19:50:58,590  INFO [main] LogReports:24 - Firefox browser  started
2019-09-11 19:51:08,571  INFO [main] LogReports:24 - Firefox browser  started
2019-09-11 19:51:19,596  INFO [main] LogReports:24 - Firefox browser  started
2019-09-11 19:51:31,250  INFO [main] LogReports:24 - Firefox browser  started
2019-09-11 19:51:44,756  INFO [main] LogReports:24 - Firefox browser  started
2019-09-11 19:55:19,403  INFO [main] LogReports:24 - Firefox browser  started
2019-09-11 19:55:40,045  INFO [main] LogReports:24 - Firefox browser  started
2019-09-11 20:02:06,643  INFO [main] LogReports:24 - Firefox browser  started
2019-09-11 20:04:54,483  INFO [main] LogReports:24 - Firefox browser  started
2019-09-11 20:09:00,257  INFO [main] LogReports:24 - Firefox browser  started
2019-09-11 20:15:31,443  INFO [main] LogReports:24 - Firefox browser  started
2019-09-11 20:17:59,293  INFO [main] LogReports:24 - Firefox browser  started
2019-09-11 20:18:04,883  INFO [main] LogReports:24 - clicking my accunt
2019-09-11 20:18:05,351  INFO [main] LogReports:24 - clicking my accunt
2019-09-11 20:18:05,814  INFO [main] LogReports:24 - clicking my accunt
2019-09-11 20:18:06,190  INFO [main] LogReports:24 - clicking my accunt
2019-09-11 20:18:06,524  INFO [main] LogReports:24 - clicking my accunt
2019-09-11 20:19:25,298  INFO [main] LogReports:24 - Firefox browser  started
2019-09-11 20:20:22,134  INFO [main] LogReports:24 - clicking my accunt
2019-09-11 20:21:12,598  INFO [main] LogReports:24 - clicking my accunt
2019-09-11 20:21:21,347  INFO [main] LogReports:24 - Firefox browser  started
2019-09-11 20:22:16,185  INFO [main] LogReports:24 - clicking my accunt
2019-09-11 20:23:06,595  INFO [main] LogReports:24 - clicking my accunt
2019-09-11 20:23:56,921  INFO [main] LogReports:24 - clicking my accunt
2019-09-11 20:24:47,305  INFO [main] LogReports:24 - clicking my accunt
2019-09-11 20:25:37,643  INFO [main] LogReports:24 - clicking my accunt
2019-09-11 20:27:43,480  INFO [main] LogReports:24 - Firefox browser  started
2019-09-11 20:27:54,292  INFO [main] LogReports:24 - clicking my accunt
2019-09-11 20:28:09,868  INFO [main] LogReports:24 - clicking my accunt
2019-09-11 20:31:47,465  INFO [main] LogReports:24 - Firefox browser  started
2019-09-11 20:31:57,292  INFO [main] LogReports:24 - clicking my accunt
2019-09-11 20:32:03,698  INFO [main] LogReports:24 - selecting sign up
2019-09-11 20:32:09,016  INFO [main] LogReports:24 - clicking my accunt
2019-09-11 20:32:15,187  INFO [main] LogReports:24 - selecting sign up
2019-09-11 20:32:20,519  INFO [main] LogReports:24 - clicking my accunt
2019-09-11 20:32:26,649  INFO [main] LogReports:24 - selecting sign up
2019-09-11 20:32:32,298  INFO [main] LogReports:24 - clicking my accunt
2019-09-11 20:32:41,508  INFO [main] LogReports:24 - selecting sign up
2019-09-11 20:32:47,169  INFO [main] LogReports:24 - clicking my accunt
2019-09-11 20:32:53,695  INFO [main] LogReports:24 - selecting sign up
2019-09-11 20:39:24,199  INFO [main] LogReports:24 - Firefox browser  started
2019-09-11 20:43:03,988  INFO [main] LogReports:24 - Firefox browser  started
2019-09-11 20:43:14,205  INFO [main] LogReports:24 - clicking my accunt
2019-09-11 20:43:20,592  INFO [main] LogReports:24 - selecting sign up
2019-09-11 20:43:26,550  INFO [main] LogReports:24 - clicking my accunt
2019-09-11 20:43:32,827  INFO [main] LogReports:24 - selecting sign up
2019-09-11 20:43:38,571  INFO [main] LogReports:24 - clicking my accunt
2019-09-11 20:43:44,800  INFO [main] LogReports:24 - selecting sign up
2019-09-11 20:43:50,613  INFO [main] LogReports:24 - clicking my accunt
2019-09-11 20:43:56,815  INFO [main] LogReports:24 - selecting sign up
2019-09-11 20:44:02,648  INFO [main] LogReports:24 - clicking my accunt
2019-09-11 20:44:08,954  INFO [main] LogReports:24 - selecting sign up
2019-09-11 20:51:25,472  INFO [main] LogReports:24 - Firefox browser  started
2019-09-11 20:51:34,627  INFO [main] LogReports:24 - clicking my accunt
2019-09-11 20:51:37,907  INFO [main] LogReports:24 - selecting sign up
2019-09-11 20:51:38,035  INFO [main] LogReports:24 - sending first name
2019-09-11 20:51:38,145  INFO [main] LogReports:24 - sending lastname
2019-09-11 20:51:38,271  INFO [main] LogReports:24 - sending mobile nbr
2019-09-11 20:51:38,374  INFO [main] LogReports:24 - sending email
2019-09-11 20:51:38,468  INFO [main] LogReports:24 - sending password
2019-09-11 20:51:40,838  INFO [main] LogReports:24 - clicking my accunt
2019-09-11 20:51:44,123  INFO [main] LogReports:24 - selecting sign up
2019-09-11 20:51:44,220  INFO [main] LogReports:24 - sending first name
2019-09-11 20:51:44,354  INFO [main] LogReports:24 - sending lastname
2019-09-11 20:51:44,460  INFO [main] LogReports:24 - sending mobile nbr
2019-09-11 20:51:44,566  INFO [main] LogReports:24 - sending email
2019-09-11 20:51:44,649  INFO [main] LogReports:24 - sending password
2019-09-11 20:51:46,971  INFO [main] LogReports:24 - clicking my accunt
2019-09-11 20:51:50,227  INFO [main] LogReports:24 - selecting sign up
2019-09-11 20:51:50,308  INFO [main] LogReports:24 - sending first name
2019-09-11 20:51:50,401  INFO [main] LogReports:24 - sending lastname
2019-09-11 20:51:50,523  INFO [main] LogReports:24 - sending mobile nbr
2019-09-11 20:51:50,635  INFO [main] LogReports:24 - sending email
2019-09-11 20:51:50,729  INFO [main] LogReports:24 - sending password
2019-09-11 20:51:53,056  INFO [main] LogReports:24 - clicking my accunt
2019-09-11 20:51:56,142  INFO [main] LogReports:24 - selecting sign up
2019-09-11 20:51:56,254  INFO [main] LogReports:24 - sending first name
2019-09-11 20:51:56,370  INFO [main] LogReports:24 - sending lastname
2019-09-11 20:51:56,460  INFO [main] LogReports:24 - sending mobile nbr
2019-09-11 20:51:56,569  INFO [main] LogReports:24 - sending email
2019-09-11 20:51:56,667  INFO [main] LogReports:24 - sending password
2019-09-11 20:51:58,986  INFO [main] LogReports:24 - clicking my accunt
2019-09-11 20:52:02,089  INFO [main] LogReports:24 - selecting sign up
2019-09-11 20:52:02,204  INFO [main] LogReports:24 - sending first name
2019-09-11 20:52:02,303  INFO [main] LogReports:24 - sending lastname
2019-09-11 20:52:02,378  INFO [main] LogReports:24 - sending mobile nbr
2019-09-11 20:52:02,451  INFO [main] LogReports:24 - sending email
2019-09-11 20:52:02,512  INFO [main] LogReports:24 - sending password
2019-09-11 20:56:45,517  INFO [main] LogReports:24 - Firefox browser  started
2019-09-11 20:56:57,925  INFO [main] LogReports:24 - clicking my accunt
2019-09-11 20:57:01,361  INFO [main] LogReports:24 - selecting sign up
2019-09-11 20:57:01,505  INFO [main] LogReports:24 - sending first name
2019-09-11 20:57:01,646  INFO [main] LogReports:24 - sending lastname
2019-09-11 20:57:01,794  INFO [main] LogReports:24 - sending mobile nbr
2019-09-11 20:57:01,948  INFO [main] LogReports:24 - sending email
2019-09-11 20:57:02,073  INFO [main] LogReports:24 - sending password
2019-09-11 20:57:04,442  INFO [main] LogReports:24 - clicking my accunt
2019-09-11 20:57:07,733  INFO [main] LogReports:24 - selecting sign up
2019-09-11 20:57:07,823  INFO [main] LogReports:24 - sending first name
2019-09-11 20:57:07,911  INFO [main] LogReports:24 - sending lastname
2019-09-11 20:57:08,036  INFO [main] LogReports:24 - sending mobile nbr
2019-09-11 20:57:08,176  INFO [main] LogReports:24 - sending email
2019-09-11 20:57:08,286  INFO [main] LogReports:24 - sending password
2019-09-11 20:57:10,661  INFO [main] LogReports:24 - clicking my accunt
2019-09-11 20:57:14,034  INFO [main] LogReports:24 - selecting sign up
2019-09-11 20:57:14,148  INFO [main] LogReports:24 - sending first name
2019-09-11 20:57:14,257  INFO [main] LogReports:24 - sending lastname
2019-09-11 20:57:14,351  INFO [main] LogReports:24 - sending mobile nbr
2019-09-11 20:57:14,476  INFO [main] LogReports:24 - sending email
2019-09-11 20:57:14,570  INFO [main] LogReports:24 - sending password
2019-09-11 20:57:16,908  INFO [main] LogReports:24 - clicking my accunt
2019-09-11 20:57:20,098  INFO [main] LogReports:24 - selecting sign up
2019-09-11 20:57:20,203  INFO [main] LogReports:24 - sending first name
2019-09-11 20:57:20,327  INFO [main] LogReports:24 - sending lastname
2019-09-11 20:57:20,426  INFO [main] LogReports:24 - sending mobile nbr
2019-09-11 20:57:20,554  INFO [main] LogReports:24 - sending email
2019-09-11 20:57:20,654  INFO [main] LogReports:24 - sending password
2019-09-11 20:57:23,015  INFO [main] LogReports:24 - clicking my accunt
2019-09-11 20:57:26,393  INFO [main] LogReports:24 - selecting sign up
2019-09-11 20:57:26,567  INFO [main] LogReports:24 - sending first name
2019-09-11 20:57:26,677  INFO [main] LogReports:24 - sending lastname
2019-09-11 20:57:26,770  INFO [main] LogReports:24 - sending mobile nbr
2019-09-11 20:57:26,864  INFO [main] LogReports:24 - sending email
2019-09-11 20:57:26,958  INFO [main] LogReports:24 - sending password
2019-09-11 22:38:55,755  INFO [main] LogReports:24 - Firefox browser  started
2019-09-11 22:39:01,163  INFO [main] LogReports:24 - clicking my accunt
2019-09-11 22:39:01,573  INFO [main] LogReports:24 - clicking my accunt
2019-09-11 22:39:01,913  INFO [main] LogReports:24 - clicking my accunt
2019-09-11 22:39:02,217  INFO [main] LogReports:24 - clicking my accunt
2019-09-11 22:39:02,561  INFO [main] LogReports:24 - clicking my accunt
2019-09-11 22:40:54,744  INFO [main] LogReports:24 - Firefox browser  started
2019-09-11 22:41:00,083  INFO [main] LogReports:24 - clicking my accunt
2019-09-11 22:41:00,486  INFO [main] LogReports:24 - clicking my accunt
2019-09-11 22:41:00,802  INFO [main] LogReports:24 - clicking my accunt
2019-09-11 22:41:01,136  INFO [main] LogReports:24 - clicking my accunt
2019-09-11 22:41:01,475  INFO [main] LogReports:24 - clicking my accunt
2019-09-11 22:43:47,977  INFO [main] LogReports:24 - Firefox browser  started
2019-09-11 22:43:53,006  INFO [main] LogReports:24 - clicking my accunt
2019-09-11 22:43:54,347  INFO [main] LogReports:24 - selecting sign up
2019-09-11 22:43:54,455  INFO [main] LogReports:24 - sending first name
2019-09-11 22:43:54,555  INFO [main] LogReports:24 - sending lastname
2019-09-11 22:43:54,654  INFO [main] LogReports:24 - sending mobile nbr
2019-09-11 22:43:54,759  INFO [main] LogReports:24 - sending email
2019-09-11 22:43:54,845  INFO [main] LogReports:24 - sending password
2019-09-11 22:43:55,197  INFO [main] LogReports:24 - clicking my accunt
2019-09-11 22:43:56,387  INFO [main] LogReports:24 - selecting sign up
2019-09-11 22:43:56,489  INFO [main] LogReports:24 - sending first name
2019-09-11 22:43:56,582  INFO [main] LogReports:24 - sending lastname
2019-09-11 22:43:56,675  INFO [main] LogReports:24 - sending mobile nbr
2019-09-11 22:43:56,781  INFO [main] LogReports:24 - sending email
2019-09-11 22:43:56,871  INFO [main] LogReports:24 - sending password
2019-09-11 22:43:57,171  INFO [main] LogReports:24 - clicking my accunt
2019-09-11 22:43:58,317  INFO [main] LogReports:24 - selecting sign up
2019-09-11 22:43:58,410  INFO [main] LogReports:24 - sending first name
2019-09-11 22:43:58,546  INFO [main] LogReports:24 - sending lastname
2019-09-11 22:43:58,641  INFO [main] LogReports:24 - sending mobile nbr
2019-09-11 22:43:58,753  INFO [main] LogReports:24 - sending email
2019-09-11 22:43:58,843  INFO [main] LogReports:24 - sending password
2019-09-11 22:43:59,154  INFO [main] LogReports:24 - clicking my accunt
2019-09-11 22:44:00,334  INFO [main] LogReports:24 - selecting sign up
2019-09-11 22:44:00,430  INFO [main] LogReports:24 - sending first name
2019-09-11 22:44:00,539  INFO [main] LogReports:24 - sending lastname
2019-09-11 22:44:00,633  INFO [main] LogReports:24 - sending mobile nbr
2019-09-11 22:44:00,726  INFO [main] LogReports:24 - sending email
2019-09-11 22:44:00,836  INFO [main] LogReports:24 - sending password
2019-09-11 22:44:01,220  INFO [main] LogReports:24 - clicking my accunt
2019-09-11 22:44:02,470  INFO [main] LogReports:24 - selecting sign up
2019-09-11 22:44:02,565  INFO [main] LogReports:24 - sending first name
2019-09-11 22:44:02,686  INFO [main] LogReports:24 - sending lastname
2019-09-11 22:44:02,795  INFO [main] LogReports:24 - sending mobile nbr
2019-09-11 22:44:02,920  INFO [main] LogReports:24 - sending email
2019-09-11 22:44:03,045  INFO [main] LogReports:24 - sending password
2019-09-11 22:45:55,481  INFO [main] LogReports:24 - Firefox browser  started
2019-09-11 22:46:01,812  INFO [main] LogReports:24 - clicking my accunt
2019-09-11 22:46:03,168  INFO [main] LogReports:24 - selecting sign up
2019-09-11 22:46:03,260  INFO [main] LogReports:24 - sending first name
2019-09-11 22:46:03,369  INFO [main] LogReports:24 - sending lastname
2019-09-11 22:46:03,479  INFO [main] LogReports:24 - sending mobile nbr
2019-09-11 22:46:03,604  INFO [main] LogReports:24 - sending email
2019-09-11 22:46:03,697  INFO [main] LogReports:24 - sending password
2019-09-11 22:46:03,807  INFO [main] LogReports:24 - sending confirm password
2019-09-11 22:46:04,260  INFO [main] LogReports:24 - clicking my accunt
2019-09-11 22:46:05,439  INFO [main] LogReports:24 - selecting sign up
2019-09-11 22:46:05,611  INFO [main] LogReports:24 - sending first name
2019-09-11 22:46:05,720  INFO [main] LogReports:24 - sending lastname
2019-09-11 22:46:05,830  INFO [main] LogReports:24 - sending mobile nbr
2019-09-11 22:46:05,939  INFO [main] LogReports:24 - sending email
2019-09-11 22:46:06,049  INFO [main] LogReports:24 - sending password
2019-09-11 22:46:06,127  INFO [main] LogReports:24 - sending confirm password
2019-09-11 22:46:06,533  INFO [main] LogReports:24 - clicking my accunt
2019-09-11 22:46:07,694  INFO [main] LogReports:24 - selecting sign up
2019-09-11 22:46:07,812  INFO [main] LogReports:24 - sending first name
2019-09-11 22:46:07,921  INFO [main] LogReports:24 - sending lastname
2019-09-11 22:46:08,015  INFO [main] LogReports:24 - sending mobile nbr
2019-09-11 22:46:08,124  INFO [main] LogReports:24 - sending email
2019-09-11 22:46:08,234  INFO [main] LogReports:24 - sending password
2019-09-11 22:46:08,343  INFO [main] LogReports:24 - sending confirm password
2019-09-11 22:46:08,749  INFO [main] LogReports:24 - clicking my accunt
2019-09-11 22:46:09,830  INFO [main] LogReports:24 - selecting sign up
2019-09-11 22:46:09,915  INFO [main] LogReports:24 - sending first name
2019-09-11 22:46:10,009  INFO [main] LogReports:24 - sending lastname
2019-09-11 22:46:10,102  INFO [main] LogReports:24 - sending mobile nbr
2019-09-11 22:46:10,212  INFO [main] LogReports:24 - sending email
2019-09-11 22:46:10,305  INFO [main] LogReports:24 - sending password
2019-09-11 22:46:10,415  INFO [main] LogReports:24 - sending confirm password
2019-09-11 22:46:10,805  INFO [main] LogReports:24 - clicking my accunt
2019-09-11 22:46:11,938  INFO [main] LogReports:24 - selecting sign up
2019-09-11 22:46:12,024  INFO [main] LogReports:24 - sending first name
2019-09-11 22:46:12,134  INFO [main] LogReports:24 - sending lastname
2019-09-11 22:46:12,227  INFO [main] LogReports:24 - sending mobile nbr
2019-09-11 22:46:12,337  INFO [main] LogReports:24 - sending email
2019-09-11 22:46:12,446  INFO [main] LogReports:24 - sending password
2019-09-11 22:46:12,524  INFO [main] LogReports:24 - sending confirm password
2019-09-11 22:49:16,311  INFO [main] LogReports:24 - Firefox browser  started
2019-09-11 22:49:21,341  INFO [main] LogReports:24 - clicking my accunt
2019-09-11 22:49:22,715  INFO [main] LogReports:24 - selecting sign up
2019-09-11 22:49:22,846  INFO [main] LogReports:24 - sending first name
2019-09-11 22:49:22,955  INFO [main] LogReports:24 - sending lastname
2019-09-11 22:49:23,065  INFO [main] LogReports:24 - sending mobile nbr
2019-09-11 22:49:23,190  INFO [main] LogReports:24 - sending email
2019-09-11 22:49:23,299  INFO [main] LogReports:24 - sending password
2019-09-11 22:49:23,408  INFO [main] LogReports:24 - sending confirm password
2019-09-11 22:49:23,861  INFO [main] LogReports:24 - clicking my accunt
2019-09-11 22:49:24,914  INFO [main] LogReports:24 - selecting sign up
2019-09-11 22:49:25,018  INFO [main] LogReports:24 - sending first name
2019-09-11 22:49:25,112  INFO [main] LogReports:24 - sending lastname
2019-09-11 22:49:25,221  INFO [main] LogReports:24 - sending mobile nbr
2019-09-11 22:49:25,330  INFO [main] LogReports:24 - sending email
2019-09-11 22:49:25,424  INFO [main] LogReports:24 - sending password
2019-09-11 22:49:25,518  INFO [main] LogReports:24 - sending confirm password
2019-09-11 22:49:25,968  INFO [main] LogReports:24 - clicking my accunt
2019-09-11 22:49:27,004  INFO [main] LogReports:24 - selecting sign up
2019-09-11 22:49:27,117  INFO [main] LogReports:24 - sending first name
2019-09-11 22:49:27,226  INFO [main] LogReports:24 - sending lastname
2019-09-11 22:49:27,320  INFO [main] LogReports:24 - sending mobile nbr
2019-09-11 22:49:27,461  INFO [main] LogReports:24 - sending email
2019-09-11 22:49:27,570  INFO [main] LogReports:24 - sending password
2019-09-11 22:49:27,680  INFO [main] LogReports:24 - sending confirm password
2019-09-11 22:49:28,101  INFO [main] LogReports:24 - clicking my accunt
2019-09-11 22:49:29,136  INFO [main] LogReports:24 - selecting sign up
2019-09-11 22:49:29,246  INFO [main] LogReports:24 - sending first name
2019-09-11 22:49:29,355  INFO [main] LogReports:24 - sending lastname
2019-09-11 22:49:29,449  INFO [main] LogReports:24 - sending mobile nbr
2019-09-11 22:49:29,543  INFO [main] LogReports:24 - sending email
2019-09-11 22:49:29,637  INFO [main] LogReports:24 - sending password
2019-09-11 22:49:29,730  INFO [main] LogReports:24 - sending confirm password
2019-09-11 22:49:30,168  INFO [main] LogReports:24 - clicking my accunt
2019-09-11 22:49:31,140  INFO [main] LogReports:24 - selecting sign up
2019-09-11 22:49:31,265  INFO [main] LogReports:24 - sending first name
2019-09-11 22:49:31,362  INFO [main] LogReports:24 - sending lastname
2019-09-11 22:49:31,456  INFO [main] LogReports:24 - sending mobile nbr
2019-09-11 22:49:31,565  INFO [main] LogReports:24 - sending email
2019-09-11 22:49:31,659  INFO [main] LogReports:24 - sending password
2019-09-11 22:49:31,768  INFO [main] LogReports:24 - sending confirm password
